<?xml version="1.0" encoding="UTF-8"?>
<!-- Generated by org.testng.reporters.JUnitReportReporter -->
<testsuite hostname="Marolix" failures="0" tests="3" name="com.testcases.poojastore.LoginTest" time="45.565" errors="0" timestamp="2023-03-27T12:18:11 IST" skipped="0">
  <testcase classname="com.testcases.poojastore.LoginTest" name="VerifyLoginFunctionality" time="14.019"/>
  <system-out/>
  <testcase classname="com.testcases.poojastore.LoginTest" name="verifyTitle" time="13.603"/>
  <system-out/>
  <testcase classname="com.testcases.poojastore.LoginTest" name="Logoutfuntionality" time="17.943"/>
  <system-out/>
</testsuite> <!-- com.testcases.poojastore.LoginTest -->
