<?xml version="1.0" encoding="UTF-8"?>
<!-- Generated by org.testng.reporters.JUnitReportReporter -->
<testsuite skipped="0" hostname="JAKs" name="com.testcases.poojastore.LoginTest" tests="3" failures="0" timestamp="27 Mar 2023 04:28:02 GMT" time="35.612" errors="0">
  <testcase name="VerifyLoginFunctionality" time="14.336" classname="com.testcases.poojastore.LoginTest"/>
  <testcase name="verifyTitle" time="7.928" classname="com.testcases.poojastore.LoginTest"/>
  <testcase name="Logoutfuntionality" time="13.348" classname="com.testcases.poojastore.LoginTest"/>
</testsuite> <!-- com.testcases.poojastore.LoginTest -->
