<?xml version="1.0" encoding="UTF-8"?>
<!-- Generated by org.testng.reporters.JUnitReportReporter -->
<testsuite skipped="0" hostname="JAKs" name="com.testcases.poojastore.Buyfromsearchtest" tests="1" failures="0" timestamp="27 Mar 2023 04:28:02 GMT" time="19.135" errors="0">
  <testcase name="validatebuyfromsearch" time="19.135" classname="com.testcases.poojastore.Buyfromsearchtest"/>
</testsuite> <!-- com.testcases.poojastore.Buyfromsearchtest -->
