<?xml version="1.0" encoding="UTF-8"?>
<!-- Generated by org.testng.reporters.JUnitReportReporter -->
<testsuite skipped="0" hostname="JAKs" name="com.testcases.poojastore.CartTest" tests="1" failures="0" timestamp="27 Mar 2023 04:28:02 GMT" time="15.812" errors="0">
  <testcase name="cartfuntionality" time="15.812" classname="com.testcases.poojastore.CartTest"/>
</testsuite> <!-- com.testcases.poojastore.CartTest -->
