<?xml version="1.0" encoding="UTF-8"?>
<!-- Generated by org.testng.reporters.JUnitReportReporter -->
<testsuite hostname="Marolix" failures="0" tests="1" name="com.testcases.poojastore.ProductBuy" time="0.000" errors="0" timestamp="2023-03-27T12:16:29 IST" skipped="1">
  <testcase classname="com.testcases.poojastore.ProductBuy" name="vaidatebuyfeature" time="0.000">
    <skipped/>
  </testcase> <!-- vaidatebuyfeature -->
  <system-out/>
</testsuite> <!-- com.testcases.poojastore.ProductBuy -->
